<?xml version="1.0" encoding="UTF-8"?>
<testng-results ignored="0" total="2" passed="2" failed="0" skipped="0">
  <reporter-output>
  </reporter-output>
  <suite started-at="2023-06-05T17:40:59 IST" name="Suite" finished-at="2023-06-05T17:41:14 IST" duration-ms="14502">
    <groups>
    </groups>
    <test started-at="2023-06-05T17:40:59 IST" name="ChromeTest" finished-at="2023-06-05T17:41:06 IST" duration-ms="7041">
      <class name="testng.framework.testscripts.HomepageTest">
        <test-method is-config="true" signature="getDriver(java.lang.String)[pri:0, instance:testng.framework.testscripts.HomepageTest@192d43ce]" started-at="2023-06-05T17:40:59 IST" name="getDriver" finished-at="2023-06-05T17:41:03 IST" duration-ms="4399" status="PASS">
          <params>
            <param index="0">
              <value>
                <![CDATA[chrome]]>
              </value>
            </param>
          </params>
          <reporter-output>
          </reporter-output>
        </test-method> <!-- getDriver -->
        <test-method signature="googleFlightTest()[pri:0, instance:testng.framework.testscripts.HomepageTest@192d43ce]" started-at="2023-06-05T17:41:03 IST" name="googleFlightTest" finished-at="2023-06-05T17:41:06 IST" duration-ms="2422" status="PASS">
          <reporter-output>
          </reporter-output>
        </test-method> <!-- googleFlightTest -->
        <test-method is-config="true" signature="endTest(org.testng.ITestResult)[pri:0, instance:testng.framework.testscripts.HomepageTest@192d43ce]" started-at="2023-06-05T17:41:06 IST" name="endTest" finished-at="2023-06-05T17:41:06 IST" duration-ms="187" status="PASS">
          <params>
            <param index="0">
              <value>
                <![CDATA[[TestResult name=googleFlightTest status=SUCCESS method=HomepageTest.googleFlightTest()[pri:0, instance:testng.framework.testscripts.HomepageTest@192d43ce] output={null}]]]>
              </value>
            </param>
          </params>
          <reporter-output>
          </reporter-output>
        </test-method> <!-- endTest -->
      </class> <!-- testng.framework.testscripts.HomepageTest -->
    </test> <!-- ChromeTest -->
    <test started-at="2023-06-05T17:41:06 IST" name="EdgeTest" finished-at="2023-06-05T17:41:14 IST" duration-ms="7436">
      <class name="testng.framework.testscripts.HomepageTest">
        <test-method is-config="true" signature="getDriver(java.lang.String)[pri:0, instance:testng.framework.testscripts.HomepageTest@564fabc8]" started-at="2023-06-05T17:41:06 IST" name="getDriver" finished-at="2023-06-05T17:41:10 IST" duration-ms="4291" status="PASS">
          <params>
            <param index="0">
              <value>
                <![CDATA[edge]]>
              </value>
            </param>
          </params>
          <reporter-output>
          </reporter-output>
        </test-method> <!-- getDriver -->
        <test-method signature="googleFlightTest()[pri:0, instance:testng.framework.testscripts.HomepageTest@564fabc8]" started-at="2023-06-05T17:41:10 IST" name="googleFlightTest" finished-at="2023-06-05T17:41:13 IST" duration-ms="2972" status="PASS">
          <reporter-output>
          </reporter-output>
        </test-method> <!-- googleFlightTest -->
        <test-method is-config="true" signature="endTest(org.testng.ITestResult)[pri:0, instance:testng.framework.testscripts.HomepageTest@564fabc8]" started-at="2023-06-05T17:41:13 IST" name="endTest" finished-at="2023-06-05T17:41:14 IST" duration-ms="168" status="PASS">
          <params>
            <param index="0">
              <value>
                <![CDATA[[TestResult name=googleFlightTest status=SUCCESS method=HomepageTest.googleFlightTest()[pri:0, instance:testng.framework.testscripts.HomepageTest@564fabc8] output={null}]]]>
              </value>
            </param>
          </params>
          <reporter-output>
          </reporter-output>
        </test-method> <!-- endTest -->
      </class> <!-- testng.framework.testscripts.HomepageTest -->
    </test> <!-- EdgeTest -->
  </suite> <!-- Suite -->
</testng-results>
